{
  "stats": {
    "suites": 1,
    "tests": 3,
    "passes": 3,
    "pending": 0,
    "failures": 0,
    "start": "2024-10-27T16:42:20.086Z",
    "end": "2024-10-27T16:42:36.058Z",
    "duration": 15972,
    "testsRegistered": 3,
    "passPercent": 100,
    "pendingPercent": 0,
    "other": 0,
    "hasOther": false,
    "skipped": 0,
    "hasSkipped": false
  },
  "results": [
    {
      "uuid": "51e8af9d-e6cc-4a1e-98e3-715a872d58ff",
      "title": "",
      "fullFile": "cypress\\e2e\\test.cy.js",
      "file": "cypress\\e2e\\test.cy.js",
      "beforeHooks": [],
      "afterHooks": [],
      "tests": [],
      "suites": [
        {
          "uuid": "83425653-971d-49e8-b2b3-0396132f76fa",
          "title": "Shopping Cart Functionality",
          "fullFile": "",
          "file": "",
          "beforeHooks": [],
          "afterHooks": [],
          "tests": [
            {
              "title": "should add an item to the cart",
              "fullTitle": "Shopping Cart Functionality should add an item to the cart",
              "timedOut": null,
              "duration": 1450,
              "state": "passed",
              "speed": "fast",
              "pass": true,
              "fail": false,
              "pending": false,
              "context": null,
              "code": "// Click the \"Add to Cart\" button for the first item (Samsung Galaxy S10)\ncy.get('.item_box').first().find('.add_item').click();\n// Verify that the item appears in the cart\ncy.get('#cart_items').should('contain', 'iPhone 15');\n// Ensure the total price is updated and not zero\ncy.get('#total_price').should('not.contain', '$0');",
              "err": {},
              "uuid": "d0fa2762-d6db-48d1-b75d-bace0ba5b831",
              "parentUUID": "83425653-971d-49e8-b2b3-0396132f76fa",
              "isHook": false,
              "skipped": false
            },
            {
              "title": "should remove an item from the cart",
              "fullTitle": "Shopping Cart Functionality should remove an item from the cart",
              "timedOut": null,
              "duration": 1948,
              "state": "passed",
              "speed": "fast",
              "pass": true,
              "fail": false,
              "pending": false,
              "context": null,
              "code": "// Add the first item to the cart\ncy.get('.item_box').first().find('.add_item').click();\n// Click the \"Remove\" button next to the added item\ncy.get('.remove_item').click();\n// Verify that the cart is empty after removing the item\ncy.get('#cart_items').should('contain', 'Cart empty');\ncy.get('#total_price').should('contain', 'Total: $0');",
              "err": {},
              "uuid": "f4206893-bfed-4fe0-9af4-2cca25d33b06",
              "parentUUID": "83425653-971d-49e8-b2b3-0396132f76fa",
              "isHook": false,
              "skipped": false
            },
            {
              "title": "should clear the cart",
              "fullTitle": "Shopping Cart Functionality should clear the cart",
              "timedOut": null,
              "duration": 752,
              "state": "passed",
              "speed": "fast",
              "pass": true,
              "fail": false,
              "pending": false,
              "context": null,
              "code": "// Add two items to the cart\ncy.get('.item_box').first().find('.add_item').click();\ncy.get('.item_box').eq(1).find('.add_item').click();\n// Click the \"Clear Cart\" button\ncy.get('#clear_cart').click();\n// Verify that the cart is empty after clearing it\ncy.get('#cart_items').should('contain', 'Cart empty');\ncy.get('#total_price').should('contain', 'Total: $0');",
              "err": {},
              "uuid": "ba228f28-e478-49e9-afea-341019e2f7ae",
              "parentUUID": "83425653-971d-49e8-b2b3-0396132f76fa",
              "isHook": false,
              "skipped": false
            }
          ],
          "suites": [],
          "passes": [
            "d0fa2762-d6db-48d1-b75d-bace0ba5b831",
            "f4206893-bfed-4fe0-9af4-2cca25d33b06",
            "ba228f28-e478-49e9-afea-341019e2f7ae"
          ],
          "failures": [],
          "pending": [],
          "skipped": [],
          "duration": 4150,
          "root": false,
          "rootEmpty": false,
          "_timeout": 2000
        }
      ],
      "passes": [],
      "failures": [],
      "pending": [],
      "skipped": [],
      "duration": 0,
      "root": true,
      "rootEmpty": true,
      "_timeout": 2000
    }
  ],
  "meta": {
    "mocha": {
      "version": "7.0.1"
    },
    "mochawesome": {
      "options": {
        "quiet": false,
        "reportFilename": "mochawesome",
        "saveHtml": true,
        "saveJson": true,
        "consoleReporter": "spec",
        "useInlineDiffs": false,
        "code": true
      },
      "version": "7.1.3"
    },
    "marge": {
      "options": {
        "reportDir": "cypress/reports",
        "overwrite": false,
        "html": true,
        "json": true
      },
      "version": "6.2.0"
    }
  }
}