{
  "stats": {
    "suites": 1,
    "tests": 3,
    "passes": 3,
    "pending": 0,
    "failures": 0,
    "start": "2024-10-27T15:45:52.095Z",
    "end": "2024-10-27T15:45:58.405Z",
    "duration": 6310,
    "testsRegistered": 3,
    "passPercent": 100,
    "pendingPercent": 0,
    "other": 0,
    "hasOther": false,
    "skipped": 0,
    "hasSkipped": false
  },
  "results": [
    {
      "uuid": "331bc07e-06bb-487f-9d96-867a465b6d1b",
      "title": "",
      "fullFile": "cypress\\e2e\\test.cy.js",
      "file": "cypress\\e2e\\test.cy.js",
      "beforeHooks": [],
      "afterHooks": [],
      "tests": [],
      "suites": [
        {
          "uuid": "50174a78-79d0-498e-b637-a159158b0f5a",
          "title": "Shopping Cart Functionality",
          "fullFile": "",
          "file": "",
          "beforeHooks": [],
          "afterHooks": [],
          "tests": [
            {
              "title": "should add an item to the cart",
              "fullTitle": "Shopping Cart Functionality should add an item to the cart",
              "timedOut": null,
              "duration": 476,
              "state": "passed",
              "speed": "fast",
              "pass": true,
              "fail": false,
              "pending": false,
              "context": null,
              "code": "// Click the \"Add to Cart\" button for the first item (Samsung Galaxy S10)\ncy.get('.item_box').first().find('.add_item').click();\n// Verify that the item appears in the cart\ncy.get('#cart_items').should('contain', 'iPhone 15');\n// Ensure the total price is updated and not zero\ncy.get('#total_price').should('not.contain', '$0');",
              "err": {},
              "uuid": "b3aeb41d-8389-4c07-9d48-6646a5161d65",
              "parentUUID": "50174a78-79d0-498e-b637-a159158b0f5a",
              "isHook": false,
              "skipped": false
            },
            {
              "title": "should remove an item from the cart",
              "fullTitle": "Shopping Cart Functionality should remove an item from the cart",
              "timedOut": null,
              "duration": 394,
              "state": "passed",
              "speed": "fast",
              "pass": true,
              "fail": false,
              "pending": false,
              "context": null,
              "code": "// Add the first item to the cart\ncy.get('.item_box').first().find('.add_item').click();\n// Click the \"Remove\" button next to the added item\ncy.get('.remove_item').click();\n// Verify that the cart is empty after removing the item\ncy.get('#cart_items').should('contain', 'Cart empty');\ncy.get('#total_price').should('contain', 'Total: $0');",
              "err": {},
              "uuid": "f140a3c0-bc6c-4105-adba-9916a673439f",
              "parentUUID": "50174a78-79d0-498e-b637-a159158b0f5a",
              "isHook": false,
              "skipped": false
            },
            {
              "title": "should clear the cart",
              "fullTitle": "Shopping Cart Functionality should clear the cart",
              "timedOut": null,
              "duration": 532,
              "state": "passed",
              "speed": "fast",
              "pass": true,
              "fail": false,
              "pending": false,
              "context": null,
              "code": "// Add two items to the cart\ncy.get('.item_box').first().find('.add_item').click();\ncy.get('.item_box').eq(1).find('.add_item').click();\n// Click the \"Clear Cart\" button\ncy.get('#clear_cart').click();\n// Verify that the cart is empty after clearing it\ncy.get('#cart_items').should('contain', 'Cart empty');\ncy.get('#total_price').should('contain', 'Total: $0');",
              "err": {},
              "uuid": "8c805021-8963-440c-9af6-07780ec9e877",
              "parentUUID": "50174a78-79d0-498e-b637-a159158b0f5a",
              "isHook": false,
              "skipped": false
            }
          ],
          "suites": [],
          "passes": [
            "b3aeb41d-8389-4c07-9d48-6646a5161d65",
            "f140a3c0-bc6c-4105-adba-9916a673439f",
            "8c805021-8963-440c-9af6-07780ec9e877"
          ],
          "failures": [],
          "pending": [],
          "skipped": [],
          "duration": 1402,
          "root": false,
          "rootEmpty": false,
          "_timeout": 2000
        }
      ],
      "passes": [],
      "failures": [],
      "pending": [],
      "skipped": [],
      "duration": 0,
      "root": true,
      "rootEmpty": true,
      "_timeout": 2000
    }
  ],
  "meta": {
    "mocha": {
      "version": "7.0.1"
    },
    "mochawesome": {
      "options": {
        "quiet": false,
        "reportFilename": "mochawesome",
        "saveHtml": true,
        "saveJson": true,
        "consoleReporter": "spec",
        "useInlineDiffs": false,
        "code": true
      },
      "version": "7.1.3"
    },
    "marge": {
      "options": {
        "reportDir": "cypress/reports",
        "overwrite": false,
        "html": true,
        "json": true
      },
      "version": "6.2.0"
    }
  }
}